#! /mingw64/bin/vvp
:ivl_version "13.0 (devel)" "(s20221226-556-gd8c3c51ab)";
:ivl_delay_selection "TYPICAL";
:vpi_time_precision - 12;
:vpi_module "C:\Users\aewal\iverilog\msys2\pkg\MINGW-~1\mingw64\lib\ivl\system.vpi";
:vpi_module "C:\Users\aewal\iverilog\msys2\pkg\MINGW-~1\mingw64\lib\ivl\vhdl_sys.vpi";
:vpi_module "C:\Users\aewal\iverilog\msys2\pkg\MINGW-~1\mingw64\lib\ivl\vhdl_textio.vpi";
:vpi_module "C:\Users\aewal\iverilog\msys2\pkg\MINGW-~1\mingw64\lib\ivl\v2005_math.vpi";
:vpi_module "C:\Users\aewal\iverilog\msys2\pkg\MINGW-~1\mingw64\lib\ivl\va_math.vpi";
S_00000205c51e7170 .scope module, "alu" "alu" 2 3;
 .timescale -12 -12;
    .port_info 0 /INPUT 8 "a";
    .port_info 1 /INPUT 8 "b";
    .port_info 2 /INPUT 3 "F";
    .port_info 3 /OUTPUT 8 "Q";
    .port_info 4 /OUTPUT 1 "Cout";
L_00000205c526f7d0 .functor OR 32, L_00000205c5323600, L_00000205c5324280, C4<00000000000000000000000000000000>, C4<00000000000000000000000000000000>;
L_00000205c526f840 .functor AND 32, L_00000205c53236a0, L_00000205c5322b60, C4<11111111111111111111111111111111>, C4<11111111111111111111111111111111>;
L_00000205c526f990 .functor XOR 32, L_00000205c5323a60, L_00000205c5323740, C4<00000000000000000000000000000000>, C4<00000000000000000000000000000000>;
v00000205c527e660_0 .net "Cout", 0 0, L_00000205c52d8140;  1 drivers
o00000205c5280018 .functor BUFZ 3, c4<zzz>; HiZ drive
v00000205c527e200_0 .net "F", 2 0, o00000205c5280018;  0 drivers
v00000205c527f420_0 .net "Q", 7 0, L_00000205c52d9220;  1 drivers
v00000205c527f380_0 .net *"_ivl_102", 0 0, L_00000205c53237e0;  1 drivers
v00000205c527f920_0 .net *"_ivl_103", 31 0, L_00000205c5323f60;  1 drivers
L_00000205c52daf58 .functor BUFT 1, C4<0000000000000000000000000000000>, C4<0>, C4<0>, C4<0>;
v00000205c527e2a0_0 .net *"_ivl_106", 30 0, L_00000205c52daf58;  1 drivers
v00000205c527f7e0_0 .net *"_ivl_107", 31 0, L_00000205c5323920;  1 drivers
v00000205c527f6a0_0 .net *"_ivl_11", 31 0, L_00000205c52d9e00;  1 drivers
L_00000205c52dafa0 .functor BUFT 1, C4<00000000000000000000000000000>, C4<0>, C4<0>, C4<0>;
v00000205c527f600_0 .net *"_ivl_110", 28 0, L_00000205c52dafa0;  1 drivers
L_00000205c52dafe8 .functor BUFT 1, C4<00000000000000000000000001101110>, C4<0>, C4<0>, C4<0>;
v00000205c527f560_0 .net/2u *"_ivl_111", 31 0, L_00000205c52dafe8;  1 drivers
v00000205c527fec0_0 .net *"_ivl_113", 0 0, L_00000205c5322e80;  1 drivers
v00000205c527e980_0 .net *"_ivl_115", 31 0, L_00000205c5322fc0;  1 drivers
L_00000205c52db030 .functor BUFT 1, C4<000000000000000000000000>, C4<0>, C4<0>, C4<0>;
v00000205c527f880_0 .net *"_ivl_118", 23 0, L_00000205c52db030;  1 drivers
v00000205c527eac0_0 .net *"_ivl_119", 31 0, L_00000205c5323060;  1 drivers
v00000205c527ea20_0 .net *"_ivl_121", 30 0, L_00000205c5323ec0;  1 drivers
L_00000205c52db078 .functor BUFT 1, C4<0>, C4<0>, C4<0>, C4<0>;
v00000205c527e3e0_0 .net *"_ivl_123", 0 0, L_00000205c52db078;  1 drivers
v00000205c527e7a0_0 .net *"_ivl_125", 31 0, L_00000205c5323100;  1 drivers
L_00000205c52db0c0 .functor BUFT 1, C4<00000000000000000000000000000>, C4<0>, C4<0>, C4<0>;
v00000205c527fa60_0 .net *"_ivl_128", 28 0, L_00000205c52db0c0;  1 drivers
L_00000205c52db108 .functor BUFT 1, C4<00000000000000000000000001101111>, C4<0>, C4<0>, C4<0>;
v00000205c527e840_0 .net/2u *"_ivl_129", 31 0, L_00000205c52db108;  1 drivers
v00000205c527eb60_0 .net *"_ivl_131", 0 0, L_00000205c5324140;  1 drivers
v00000205c527ec00_0 .net *"_ivl_133", 31 0, L_00000205c5322980;  1 drivers
L_00000205c52db150 .functor BUFT 1, C4<000000000000000000000000>, C4<0>, C4<0>, C4<0>;
v00000205c527ef20_0 .net *"_ivl_136", 23 0, L_00000205c52db150;  1 drivers
v00000205c527fd80_0 .net *"_ivl_137", 31 0, L_00000205c5322ca0;  1 drivers
v00000205c527fb00_0 .net *"_ivl_139", 30 0, L_00000205c5322ac0;  1 drivers
L_00000205c52da9b8 .functor BUFT 1, C4<000000000000000000000000>, C4<0>, C4<0>, C4<0>;
v00000205c527fba0_0 .net *"_ivl_14", 23 0, L_00000205c52da9b8;  1 drivers
L_00000205c52db198 .functor BUFT 1, C4<0>, C4<0>, C4<0>, C4<0>;
v00000205c527f2e0_0 .net *"_ivl_141", 0 0, L_00000205c52db198;  1 drivers
L_00000205c52db1e0 .functor BUFT 1, C4<00000000000000000000000000000000>, C4<0>, C4<0>, C4<0>;
v00000205c527ee80_0 .net/2u *"_ivl_143", 31 0, L_00000205c52db1e0;  1 drivers
v00000205c527efc0_0 .net *"_ivl_145", 31 0, L_00000205c53232e0;  1 drivers
v00000205c527ed40_0 .net *"_ivl_147", 31 0, L_00000205c5323ce0;  1 drivers
v00000205c527eca0_0 .net *"_ivl_149", 31 0, L_00000205c5324780;  1 drivers
v00000205c527ede0_0 .net *"_ivl_15", 31 0, L_00000205c52d9400;  1 drivers
v00000205c527fc40_0 .net *"_ivl_151", 31 0, L_00000205c5322c00;  1 drivers
v00000205c527e5c0_0 .net *"_ivl_153", 31 0, L_00000205c5323420;  1 drivers
v00000205c527fce0_0 .net *"_ivl_155", 31 0, L_00000205c53246e0;  1 drivers
v00000205c527fe20_0 .net *"_ivl_157", 31 0, L_00000205c5323880;  1 drivers
v00000205c527f060_0 .net *"_ivl_159", 31 0, L_00000205c5322d40;  1 drivers
v00000205c527f100_0 .net *"_ivl_162", 8 0, L_00000205c5324000;  1 drivers
L_00000205c52daa00 .functor BUFT 1, C4<000000000000000000000000>, C4<0>, C4<0>, C4<0>;
v00000205c527e480_0 .net *"_ivl_18", 23 0, L_00000205c52daa00;  1 drivers
v00000205c527f1a0_0 .net *"_ivl_19", 31 0, L_00000205c52d9ea0;  1 drivers
v00000205c527e020_0 .net *"_ivl_21", 31 0, L_00000205c52d8a00;  1 drivers
L_00000205c52daa48 .functor BUFT 1, C4<00000000000000000000000000000>, C4<0>, C4<0>, C4<0>;
v00000205c527e160_0 .net *"_ivl_24", 28 0, L_00000205c52daa48;  1 drivers
L_00000205c52daa90 .functor BUFT 1, C4<00000000000000000000000000000001>, C4<0>, C4<0>, C4<0>;
v00000205c527f240_0 .net/2u *"_ivl_25", 31 0, L_00000205c52daa90;  1 drivers
v00000205c527e340_0 .net *"_ivl_27", 0 0, L_00000205c52d8b40;  1 drivers
v00000205c527e700_0 .net *"_ivl_29", 31 0, L_00000205c5322de0;  1 drivers
v00000205c52d9180_0 .net *"_ivl_3", 31 0, L_00000205c52d9d60;  1 drivers
L_00000205c52daad8 .functor BUFT 1, C4<000000000000000000000000>, C4<0>, C4<0>, C4<0>;
v00000205c52d9900_0 .net *"_ivl_32", 23 0, L_00000205c52daad8;  1 drivers
v00000205c52d99a0_0 .net *"_ivl_33", 31 0, L_00000205c5323560;  1 drivers
L_00000205c52dab20 .functor BUFT 1, C4<000000000000000000000000>, C4<0>, C4<0>, C4<0>;
v00000205c52d9540_0 .net *"_ivl_36", 23 0, L_00000205c52dab20;  1 drivers
v00000205c52d9f40_0 .net *"_ivl_37", 31 0, L_00000205c53240a0;  1 drivers
v00000205c52d85a0_0 .net *"_ivl_39", 31 0, L_00000205c5323d80;  1 drivers
L_00000205c52dab68 .functor BUFT 1, C4<00000000000000000000000000000>, C4<0>, C4<0>, C4<0>;
v00000205c52d8780_0 .net *"_ivl_42", 28 0, L_00000205c52dab68;  1 drivers
L_00000205c52dabb0 .functor BUFT 1, C4<00000000000000000000000000001010>, C4<0>, C4<0>, C4<0>;
v00000205c52d92c0_0 .net/2u *"_ivl_43", 31 0, L_00000205c52dabb0;  1 drivers
v00000205c52d81e0_0 .net *"_ivl_45", 0 0, L_00000205c5322f20;  1 drivers
v00000205c52d8820_0 .net *"_ivl_47", 31 0, L_00000205c5323600;  1 drivers
L_00000205c52dabf8 .functor BUFT 1, C4<000000000000000000000000>, C4<0>, C4<0>, C4<0>;
v00000205c52d8960_0 .net *"_ivl_50", 23 0, L_00000205c52dabf8;  1 drivers
v00000205c52d8460_0 .net *"_ivl_51", 31 0, L_00000205c5324280;  1 drivers
L_00000205c52dac40 .functor BUFT 1, C4<000000000000000000000000>, C4<0>, C4<0>, C4<0>;
v00000205c52d8c80_0 .net *"_ivl_54", 23 0, L_00000205c52dac40;  1 drivers
v00000205c52d8be0_0 .net *"_ivl_55", 31 0, L_00000205c526f7d0;  1 drivers
v00000205c52d8d20_0 .net *"_ivl_57", 31 0, L_00000205c53239c0;  1 drivers
L_00000205c52da928 .functor BUFT 1, C4<00000000000000000000000000000>, C4<0>, C4<0>, C4<0>;
v00000205c52d9c20_0 .net *"_ivl_6", 28 0, L_00000205c52da928;  1 drivers
L_00000205c52dac88 .functor BUFT 1, C4<00000000000000000000000000000>, C4<0>, C4<0>, C4<0>;
v00000205c52d9fe0_0 .net *"_ivl_60", 28 0, L_00000205c52dac88;  1 drivers
L_00000205c52dacd0 .functor BUFT 1, C4<00000000000000000000000000001011>, C4<0>, C4<0>, C4<0>;
v00000205c52d8dc0_0 .net/2u *"_ivl_61", 31 0, L_00000205c52dacd0;  1 drivers
v00000205c52d8f00_0 .net *"_ivl_63", 0 0, L_00000205c5324820;  1 drivers
v00000205c52d9ae0_0 .net *"_ivl_65", 31 0, L_00000205c53236a0;  1 drivers
L_00000205c52dad18 .functor BUFT 1, C4<000000000000000000000000>, C4<0>, C4<0>, C4<0>;
v00000205c52d8280_0 .net *"_ivl_68", 23 0, L_00000205c52dad18;  1 drivers
v00000205c52d8500_0 .net *"_ivl_69", 31 0, L_00000205c5322b60;  1 drivers
L_00000205c52da970 .functor BUFT 1, C4<00000000000000000000000000000000>, C4<0>, C4<0>, C4<0>;
v00000205c52d9720_0 .net/2u *"_ivl_7", 31 0, L_00000205c52da970;  1 drivers
L_00000205c52dad60 .functor BUFT 1, C4<000000000000000000000000>, C4<0>, C4<0>, C4<0>;
v00000205c52d9a40_0 .net *"_ivl_72", 23 0, L_00000205c52dad60;  1 drivers
v00000205c52d8e60_0 .net *"_ivl_73", 31 0, L_00000205c526f840;  1 drivers
v00000205c52d8640_0 .net *"_ivl_75", 31 0, L_00000205c53231a0;  1 drivers
L_00000205c52dada8 .functor BUFT 1, C4<00000000000000000000000000000>, C4<0>, C4<0>, C4<0>;
v00000205c52d9b80_0 .net *"_ivl_78", 28 0, L_00000205c52dada8;  1 drivers
L_00000205c52dadf0 .functor BUFT 1, C4<00000000000000000000000001100100>, C4<0>, C4<0>, C4<0>;
v00000205c52d8fa0_0 .net/2u *"_ivl_79", 31 0, L_00000205c52dadf0;  1 drivers
v00000205c52d9040_0 .net *"_ivl_81", 0 0, L_00000205c53234c0;  1 drivers
v00000205c52d95e0_0 .net *"_ivl_83", 31 0, L_00000205c5323a60;  1 drivers
L_00000205c52dae38 .functor BUFT 1, C4<000000000000000000000000>, C4<0>, C4<0>, C4<0>;
v00000205c52d9860_0 .net *"_ivl_86", 23 0, L_00000205c52dae38;  1 drivers
v00000205c52d86e0_0 .net *"_ivl_87", 31 0, L_00000205c5323740;  1 drivers
v00000205c52d97c0_0 .net *"_ivl_9", 0 0, L_00000205c52d9360;  1 drivers
L_00000205c52dae80 .functor BUFT 1, C4<000000000000000000000000>, C4<0>, C4<0>, C4<0>;
v00000205c52d94a0_0 .net *"_ivl_90", 23 0, L_00000205c52dae80;  1 drivers
v00000205c52d8320_0 .net *"_ivl_91", 31 0, L_00000205c526f990;  1 drivers
v00000205c52d88c0_0 .net *"_ivl_93", 31 0, L_00000205c5322a20;  1 drivers
L_00000205c52daec8 .functor BUFT 1, C4<00000000000000000000000000000>, C4<0>, C4<0>, C4<0>;
v00000205c52d90e0_0 .net *"_ivl_96", 28 0, L_00000205c52daec8;  1 drivers
L_00000205c52daf10 .functor BUFT 1, C4<00000000000000000000000001100101>, C4<0>, C4<0>, C4<0>;
v00000205c52d9680_0 .net/2u *"_ivl_97", 31 0, L_00000205c52daf10;  1 drivers
v00000205c52d9cc0_0 .net *"_ivl_99", 0 0, L_00000205c5323e20;  1 drivers
o00000205c5280f78 .functor BUFZ 8, c4<zzzzzzzz>; HiZ drive
v00000205c52d8aa0_0 .net "a", 7 0, o00000205c5280f78;  0 drivers
o00000205c5280fa8 .functor BUFZ 8, c4<zzzzzzzz>; HiZ drive
v00000205c52d83c0_0 .net "b", 7 0, o00000205c5280fa8;  0 drivers
L_00000205c52d9220 .part L_00000205c5324000, 1, 8;
L_00000205c52d8140 .part L_00000205c5324000, 0, 1;
L_00000205c52d9d60 .concat [ 3 29 0 0], o00000205c5280018, L_00000205c52da928;
L_00000205c52d9360 .cmp/eq 32, L_00000205c52d9d60, L_00000205c52da970;
L_00000205c52d9e00 .concat [ 8 24 0 0], o00000205c5280f78, L_00000205c52da9b8;
L_00000205c52d9400 .concat [ 8 24 0 0], o00000205c5280fa8, L_00000205c52daa00;
L_00000205c52d9ea0 .arith/sum 32, L_00000205c52d9e00, L_00000205c52d9400;
L_00000205c52d8a00 .concat [ 3 29 0 0], o00000205c5280018, L_00000205c52daa48;
L_00000205c52d8b40 .cmp/eq 32, L_00000205c52d8a00, L_00000205c52daa90;
L_00000205c5322de0 .concat [ 8 24 0 0], o00000205c5280f78, L_00000205c52daad8;
L_00000205c5323560 .concat [ 8 24 0 0], o00000205c5280fa8, L_00000205c52dab20;
L_00000205c53240a0 .arith/sub 32, L_00000205c5322de0, L_00000205c5323560;
L_00000205c5323d80 .concat [ 3 29 0 0], o00000205c5280018, L_00000205c52dab68;
L_00000205c5322f20 .cmp/eq 32, L_00000205c5323d80, L_00000205c52dabb0;
L_00000205c5323600 .concat [ 8 24 0 0], o00000205c5280f78, L_00000205c52dabf8;
L_00000205c5324280 .concat [ 8 24 0 0], o00000205c5280fa8, L_00000205c52dac40;
L_00000205c53239c0 .concat [ 3 29 0 0], o00000205c5280018, L_00000205c52dac88;
L_00000205c5324820 .cmp/eq 32, L_00000205c53239c0, L_00000205c52dacd0;
L_00000205c53236a0 .concat [ 8 24 0 0], o00000205c5280f78, L_00000205c52dad18;
L_00000205c5322b60 .concat [ 8 24 0 0], o00000205c5280fa8, L_00000205c52dad60;
L_00000205c53231a0 .concat [ 3 29 0 0], o00000205c5280018, L_00000205c52dada8;
L_00000205c53234c0 .cmp/eq 32, L_00000205c53231a0, L_00000205c52dadf0;
L_00000205c5323a60 .concat [ 8 24 0 0], o00000205c5280f78, L_00000205c52dae38;
L_00000205c5323740 .concat [ 8 24 0 0], o00000205c5280fa8, L_00000205c52dae80;
L_00000205c5322a20 .concat [ 3 29 0 0], o00000205c5280018, L_00000205c52daec8;
L_00000205c5323e20 .cmp/eq 32, L_00000205c5322a20, L_00000205c52daf10;
L_00000205c53237e0 .reduce/nor o00000205c5280f78;
L_00000205c5323f60 .concat [ 1 31 0 0], L_00000205c53237e0, L_00000205c52daf58;
L_00000205c5323920 .concat [ 3 29 0 0], o00000205c5280018, L_00000205c52dafa0;
L_00000205c5322e80 .cmp/eq 32, L_00000205c5323920, L_00000205c52dafe8;
L_00000205c5322fc0 .concat [ 8 24 0 0], o00000205c5280f78, L_00000205c52db030;
L_00000205c5323ec0 .part L_00000205c5322fc0, 0, 31;
L_00000205c5323060 .concat [ 1 31 0 0], L_00000205c52db078, L_00000205c5323ec0;
L_00000205c5323100 .concat [ 3 29 0 0], o00000205c5280018, L_00000205c52db0c0;
L_00000205c5324140 .cmp/eq 32, L_00000205c5323100, L_00000205c52db108;
L_00000205c5322980 .concat [ 8 24 0 0], o00000205c5280f78, L_00000205c52db150;
L_00000205c5322ac0 .part L_00000205c5322980, 1, 31;
L_00000205c5322ca0 .concat [ 31 1 0 0], L_00000205c5322ac0, L_00000205c52db198;
L_00000205c53232e0 .functor MUXZ 32, L_00000205c52db1e0, L_00000205c5322ca0, L_00000205c5324140, C4<>;
L_00000205c5323ce0 .functor MUXZ 32, L_00000205c53232e0, L_00000205c5323060, L_00000205c5322e80, C4<>;
L_00000205c5324780 .functor MUXZ 32, L_00000205c5323ce0, L_00000205c5323f60, L_00000205c5323e20, C4<>;
L_00000205c5322c00 .functor MUXZ 32, L_00000205c5324780, L_00000205c526f990, L_00000205c53234c0, C4<>;
L_00000205c5323420 .functor MUXZ 32, L_00000205c5322c00, L_00000205c526f840, L_00000205c5324820, C4<>;
L_00000205c53246e0 .functor MUXZ 32, L_00000205c5323420, L_00000205c526f7d0, L_00000205c5322f20, C4<>;
L_00000205c5323880 .functor MUXZ 32, L_00000205c53246e0, L_00000205c53240a0, L_00000205c52d8b40, C4<>;
L_00000205c5322d40 .functor MUXZ 32, L_00000205c5323880, L_00000205c52d9ea0, L_00000205c52d9360, C4<>;
L_00000205c5324000 .part L_00000205c5322d40, 0, 9;
# The file index is used to find the file name in the following table.
:file_names 3;
    "N/A";
    "<interactive>";
    "alu.v";
