#! /mingw64/bin/vvp
:ivl_version "13.0 (devel)" "(s20221226-556-gd8c3c51ab)";
:ivl_delay_selection "TYPICAL";
:vpi_time_precision - 11;
:vpi_module "C:\Users\aewal\iverilog\msys2\pkg\MINGW-~1\mingw64\lib\ivl\system.vpi";
:vpi_module "C:\Users\aewal\iverilog\msys2\pkg\MINGW-~1\mingw64\lib\ivl\vhdl_sys.vpi";
:vpi_module "C:\Users\aewal\iverilog\msys2\pkg\MINGW-~1\mingw64\lib\ivl\vhdl_textio.vpi";
:vpi_module "C:\Users\aewal\iverilog\msys2\pkg\MINGW-~1\mingw64\lib\ivl\v2005_math.vpi";
:vpi_module "C:\Users\aewal\iverilog\msys2\pkg\MINGW-~1\mingw64\lib\ivl\va_math.vpi";
S_000001fa0afa72a0 .scope module, "alarm" "alarm" 2 4;
 .timescale -9 -11;
    .port_info 0 /INPUT 1 "PANIC";
    .port_info 1 /INPUT 1 "EN";
    .port_info 2 /INPUT 1 "EXIT";
    .port_info 3 /INPUT 1 "WINDOW";
    .port_info 4 /INPUT 1 "DOOR";
    .port_info 5 /INPUT 1 "GARAGE";
    .port_info 6 /OUTPUT 1 "ALARM";
o000001fa0affa9a8 .functor BUFZ 1, c4<z>; HiZ drive
o000001fa0affa8b8 .functor BUFZ 1, c4<z>; HiZ drive
o000001fa0affa948 .functor BUFZ 1, c4<z>; HiZ drive
L_000001fa0afac170 .functor NAND 1, o000001fa0affa9a8, o000001fa0affa8b8, o000001fa0affa948, C4<1>;
o000001fa0affa918 .functor BUFZ 1, c4<z>; HiZ drive
L_000001fa0afab5c0 .functor NOT 1, o000001fa0affa918, C4<0>, C4<0>, C4<0>;
o000001fa0affa8e8 .functor BUFZ 1, c4<z>; HiZ drive
L_000001fa0afab630 .functor AND 1, o000001fa0affa8e8, L_000001fa0afab5c0, L_000001fa0afac170, C4<1>;
o000001fa0affa978 .functor BUFZ 1, c4<z>; HiZ drive
L_000001fa0afab6a0 .functor OR 1, L_000001fa0afab630, o000001fa0affa978, C4<0>, C4<0>;
v000001fa0afa74e0_0 .net "ALARM", 0 0, L_000001fa0afab6a0;  1 drivers
v000001fa0afa7580_0 .net "DOOR", 0 0, o000001fa0affa8b8;  0 drivers
v000001fa0afab030_0 .net "EN", 0 0, o000001fa0affa8e8;  0 drivers
v000001fa0afab0d0_0 .net "EXIT", 0 0, o000001fa0affa918;  0 drivers
v000001fa0afab170_0 .net "GARAGE", 0 0, o000001fa0affa948;  0 drivers
v000001fa0afab210_0 .net "PANIC", 0 0, o000001fa0affa978;  0 drivers
v000001fa0afab2b0_0 .net "WINDOW", 0 0, o000001fa0affa9a8;  0 drivers
v000001fa0afab350_0 .net "gate1", 0 0, L_000001fa0afac170;  1 drivers
v000001fa0afab3f0_0 .net "gate2", 0 0, L_000001fa0afab5c0;  1 drivers
v000001fa0afab520_0 .net "gate3", 0 0, L_000001fa0afab630;  1 drivers
# The file index is used to find the file name in the following table.
:file_names 3;
    "N/A";
    "<interactive>";
    "alarm.v";
