#! /mingw64/bin/vvp
:ivl_version "13.0 (devel)" "(s20221226-556-gd8c3c51ab)";
:ivl_delay_selection "TYPICAL";
:vpi_time_precision - 11;
:vpi_module "C:\Users\aewal\iverilog\msys2\pkg\MINGW-~1\mingw64\lib\ivl\system.vpi";
:vpi_module "C:\Users\aewal\iverilog\msys2\pkg\MINGW-~1\mingw64\lib\ivl\vhdl_sys.vpi";
:vpi_module "C:\Users\aewal\iverilog\msys2\pkg\MINGW-~1\mingw64\lib\ivl\vhdl_textio.vpi";
:vpi_module "C:\Users\aewal\iverilog\msys2\pkg\MINGW-~1\mingw64\lib\ivl\v2005_math.vpi";
:vpi_module "C:\Users\aewal\iverilog\msys2\pkg\MINGW-~1\mingw64\lib\ivl\va_math.vpi";
S_0000024e20b772a0 .scope module, "alarm" "alarm" 2 4;
 .timescale -9 -11;
    .port_info 0 /INPUT 1 "PANIC";
    .port_info 1 /INPUT 1 "EN";
    .port_info 2 /INPUT 1 "EXIT";
    .port_info 3 /INPUT 1 "WINDOW";
    .port_info 4 /INPUT 1 "DOOR";
    .port_info 5 /INPUT 1 "GARAGE";
    .port_info 6 /OUTPUT 1 "ALARM";
o0000024e20e1a9a8 .functor BUFZ 1, c4<z>; HiZ drive
o0000024e20e1a8b8 .functor BUFZ 1, c4<z>; HiZ drive
o0000024e20e1a948 .functor BUFZ 1, c4<z>; HiZ drive
L_0000024e20b7c170 .functor NAND 1, o0000024e20e1a9a8, o0000024e20e1a8b8, o0000024e20e1a948, C4<1>;
o0000024e20e1a918 .functor BUFZ 1, c4<z>; HiZ drive
L_0000024e20b7b5c0 .functor NOT 1, o0000024e20e1a918, C4<0>, C4<0>, C4<0>;
o0000024e20e1a8e8 .functor BUFZ 1, c4<z>; HiZ drive
L_0000024e20b7b630 .functor AND 1, o0000024e20e1a8e8, L_0000024e20b7b5c0, L_0000024e20b7c170, C4<1>;
o0000024e20e1a978 .functor BUFZ 1, c4<z>; HiZ drive
L_0000024e20b7b6a0 .functor OR 1, L_0000024e20b7b630, o0000024e20e1a978, C4<0>, C4<0>;
v0000024e20b774e0_0 .net "ALARM", 0 0, L_0000024e20b7b6a0;  1 drivers
v0000024e20b77580_0 .net "DOOR", 0 0, o0000024e20e1a8b8;  0 drivers
v0000024e20b7b030_0 .net "EN", 0 0, o0000024e20e1a8e8;  0 drivers
v0000024e20b7b0d0_0 .net "EXIT", 0 0, o0000024e20e1a918;  0 drivers
v0000024e20b7b170_0 .net "GARAGE", 0 0, o0000024e20e1a948;  0 drivers
v0000024e20b7b210_0 .net "PANIC", 0 0, o0000024e20e1a978;  0 drivers
v0000024e20b7b2b0_0 .net "WINDOW", 0 0, o0000024e20e1a9a8;  0 drivers
v0000024e20b7b350_0 .net "gate1", 0 0, L_0000024e20b7c170;  1 drivers
v0000024e20b7b3f0_0 .net "gate2", 0 0, L_0000024e20b7b5c0;  1 drivers
v0000024e20b7b520_0 .net "gate3", 0 0, L_0000024e20b7b630;  1 drivers
# The file index is used to find the file name in the following table.
:file_names 3;
    "N/A";
    "<interactive>";
    "alarm.v";
